
1월 30, 2021 16:12:40.94 NEW SESSION
1월 30, 2021 16:12:40.94 [23564:9312:0130/161240.943:ERROR:CONSOLE(1)] "Cannot find context with specified id", source: devtools://devtools/bundled/sdk/sdk.js (1)
1월 30, 2021 16:12:40.95 [23564:9312:0130/161240.943:ERROR:CONSOLE(1)] "Extension server error: Inspector protocol error: Cannot find context with specified id", source: devtools://devtools/bundled/extensions/extensions.js (1)
1월 30, 2021 16:13:47.95 [23564:9312:0130/161347.949:ERROR:CONSOLE(1)] "Cannot find context with specified id", source: devtools://devtools/bundled/sdk/sdk.js (1)
1월 30, 2021 16:13:47.95 [23564:9312:0130/161347.953:ERROR:CONSOLE(1)] "Extension server error: Inspector protocol error: Cannot find context with specified id", source: devtools://devtools/bundled/extensions/extensions.js (1)
1월 30, 2021 16:13:53.95 [23564:9312:0130/161353.958:ERROR:CONSOLE(1)] "Cannot find context with specified id", source: devtools://devtools/bundled/sdk/sdk.js (1)
1월 30, 2021 16:13:53.96 [23564:9312:0130/161353.958:ERROR:CONSOLE(1)] "Extension server error: Inspector protocol error: Cannot find context with specified id", source: devtools://devtools/bundled/extensions/extensions.js (1)
1월 30, 2021 16:15:21.21 [23564:9312:0130/161521.217:ERROR:CONSOLE(1)] "Cannot find context with specified id", source: devtools://devtools/bundled/sdk/sdk.js (1)
1월 30, 2021 16:15:21.22 [23564:9312:0130/161521.217:ERROR:CONSOLE(1)] "Extension server error: Inspector protocol error: Cannot find context with specified id", source: devtools://devtools/bundled/extensions/extensions.js (1)
1월 30, 2021 16:15:21.23 [23564:9312:0130/161521.217:ERROR:CONSOLE(1)] "Cannot find context with specified id", source: devtools://devtools/bundled/sdk/sdk.js (1)
1월 30, 2021 16:15:21.24 [23564:9312:0130/161521.217:ERROR:CONSOLE(1)] "Extension server error: Inspector protocol error: Cannot find context with specified id", source: devtools://devtools/bundled/extensions/extensions.js (1)
1월 30, 2021 16:15:21.25 [23564:9312:0130/161521.217:ERROR:CONSOLE(1)] "Cannot find context with specified id", source: devtools://devtools/bundled/sdk/sdk.js (1)
1월 30, 2021 16:15:21.26 [23564:9312:0130/161521.217:ERROR:CONSOLE(1)] "Extension server error: Inspector protocol error: Cannot find context with specified id", source: devtools://devtools/bundled/extensions/extensions.js (1)
1월 30, 2021 16:15:22.94 [23564:9312:0130/161522.941:ERROR:CONSOLE(1)] "Cannot find context with specified id", source: devtools://devtools/bundled/sdk/sdk.js (1)
1월 30, 2021 16:15:22.94 [23564:9312:0130/161522.941:ERROR:CONSOLE(1)] "Extension server error: Inspector protocol error: Cannot find context with specified id", source: devtools://devtools/bundled/extensions/extensions.js (1)
1월 30, 2021 16:15:45.96 [23564:9312:0130/161545.969:ERROR:CONSOLE(1)] "Cannot find context with specified id", source: devtools://devtools/bundled/sdk/sdk.js (1)
1월 30, 2021 16:15:45.97 [23564:9312:0130/161545.969:ERROR:CONSOLE(1)] "Extension server error: Inspector protocol error: Cannot find context with specified id", source: devtools://devtools/bundled/extensions/extensions.js (1)
1월 30, 2021 16:16:55.22 [23564:9312:0130/161655.219:ERROR:CONSOLE(1)] "Cannot find context with specified id", source: devtools://devtools/bundled/sdk/sdk.js (1)
1월 30, 2021 16:16:55.23 [23564:9312:0130/161655.220:ERROR:CONSOLE(1)] "Extension server error: Inspector protocol error: Cannot find context with specified id", source: devtools://devtools/bundled/extensions/extensions.js (1)
1월 30, 2021 16:26:40.03 [23564:9312:0130/162640.033:ERROR:CONSOLE(1)] "Cannot find context with specified id", source: devtools://devtools/bundled/sdk/sdk.js (1)
1월 30, 2021 16:26:40.04 [23564:9312:0130/162640.039:ERROR:CONSOLE(1)] "Extension server error: Inspector protocol error: Cannot find context with specified id", source: devtools://devtools/bundled/extensions/extensions.js (1)
1월 30, 2021 16:28:48.00 [23564:9312:0130/162848.008:ERROR:CONSOLE(1)] "Cannot find context with specified id", source: devtools://devtools/bundled/sdk/sdk.js (1)
1월 30, 2021 16:28:48.01 [23564:9312:0130/162848.008:ERROR:CONSOLE(1)] "Extension server error: Inspector protocol error: Cannot find context with specified id", source: devtools://devtools/bundled/extensions/extensions.js (1)
1월 30, 2021 16:29:13.17 [23564:9312:0130/162913.172:ERROR:CONSOLE(1)] "Cannot find context with specified id", source: devtools://devtools/bundled/sdk/sdk.js (1)
1월 30, 2021 16:29:13.18 [23564:9312:0130/162913.172:ERROR:CONSOLE(1)] "Extension server error: Inspector protocol error: Cannot find context with specified id", source: devtools://devtools/bundled/extensions/extensions.js (1)
1월 30, 2021 16:29:36.19 [23564:9312:0130/162936.198:ERROR:CONSOLE(1)] "Cannot find context with specified id", source: devtools://devtools/bundled/sdk/sdk.js (1)
1월 30, 2021 16:29:36.21 [23564:9312:0130/162936.198:ERROR:CONSOLE(1)] "Extension server error: Inspector protocol error: Cannot find context with specified id", source: devtools://devtools/bundled/extensions/extensions.js (1)
1월 30, 2021 16:29:49.01 [23564:9312:0130/162949.012:ERROR:CONSOLE(1)] "Cannot find context with specified id", source: devtools://devtools/bundled/sdk/sdk.js (1)
1월 30, 2021 16:29:49.02 [23564:9312:0130/162949.013:ERROR:CONSOLE(1)] "Extension server error: Inspector protocol error: Cannot find context with specified id", source: devtools://devtools/bundled/extensions/extensions.js (1)
1월 30, 2021 16:30:46.93 [23564:9312:0130/163046.929:ERROR:CONSOLE(1)] "Cannot find context with specified id", source: devtools://devtools/bundled/sdk/sdk.js (1)
1월 30, 2021 16:30:46.93 [23564:9312:0130/163046.929:ERROR:CONSOLE(1)] "Extension server error: Inspector protocol error: Cannot find context with specified id", source: devtools://devtools/bundled/extensions/extensions.js (1)
1월 30, 2021 16:30:48.12 [23564:9312:0130/163048.128:ERROR:CONSOLE(1)] "Cannot find context with specified id", source: devtools://devtools/bundled/sdk/sdk.js (1)
1월 30, 2021 16:30:48.13 [23564:9312:0130/163048.128:ERROR:CONSOLE(1)] "Extension server error: Inspector protocol error: Cannot find context with specified id", source: devtools://devtools/bundled/extensions/extensions.js (1)
1월 30, 2021 16:30:48.20 [23564:9312:0130/163048.201:ERROR:CONSOLE(1)] "Cannot find context with specified id", source: devtools://devtools/bundled/sdk/sdk.js (1)
1월 30, 2021 16:30:48.21 [23564:9312:0130/163048.201:ERROR:CONSOLE(1)] "Extension server error: Inspector protocol error: Cannot find context with specified id", source: devtools://devtools/bundled/extensions/extensions.js (1)
1월 30, 2021 16:30:48.23 [23564:9312:0130/163048.203:ERROR:CONSOLE(1)] "Cannot find context with specified id", source: devtools://devtools/bundled/sdk/sdk.js (1)
1월 30, 2021 16:30:48.24 [23564:9312:0130/163048.203:ERROR:CONSOLE(1)] "Extension server error: Inspector protocol error: Cannot find context with specified id", source: devtools://devtools/bundled/extensions/extensions.js (1)
1월 30, 2021 16:31:53.94 [23564:9312:0130/163153.939:ERROR:CONSOLE(1)] "Cannot find context with specified id", source: devtools://devtools/bundled/sdk/sdk.js (1)
1월 30, 2021 16:31:53.94 [23564:9312:0130/163153.940:ERROR:CONSOLE(1)] "Extension server error: Inspector protocol error: Cannot find context with specified id", source: devtools://devtools/bundled/extensions/extensions.js (1)
1월 30, 2021 16:31:53.99 [23564:9312:0130/163153.992:ERROR:CONSOLE(1)] "Cannot find context with specified id", source: devtools://devtools/bundled/sdk/sdk.js (1)
1월 30, 2021 16:31:54.00 [23564:9312:0130/163153.992:ERROR:CONSOLE(1)] "Extension server error: Inspector protocol error: Cannot find context with specified id", source: devtools://devtools/bundled/extensions/extensions.js (1)
1월 30, 2021 16:32:11.97 [23564:9312:0130/163211.975:ERROR:CONSOLE(1)] "Cannot find context with specified id", source: devtools://devtools/bundled/sdk/sdk.js (1)
1월 30, 2021 16:32:11.98 [23564:9312:0130/163211.975:ERROR:CONSOLE(1)] "Extension server error: Inspector protocol error: Cannot find context with specified id", source: devtools://devtools/bundled/extensions/extensions.js (1)
1월 30, 2021 16:33:31.96 [23564:9312:0130/163331.963:ERROR:CONSOLE(1)] "Cannot find context with specified id", source: devtools://devtools/bundled/sdk/sdk.js (1)
1월 30, 2021 16:33:31.97 [23564:9312:0130/163331.963:ERROR:CONSOLE(1)] "Extension server error: Inspector protocol error: Cannot find context with specified id", source: devtools://devtools/bundled/extensions/extensions.js (1)
1월 30, 2021 16:35:29.12 [23564:9312:0130/163529.126:ERROR:CONSOLE(1)] "Cannot find context with specified id", source: devtools://devtools/bundled/sdk/sdk.js (1)
1월 30, 2021 16:35:29.13 [23564:9312:0130/163529.126:ERROR:CONSOLE(1)] "Extension server error: Inspector protocol error: Cannot find context with specified id", source: devtools://devtools/bundled/extensions/extensions.js (1)
1월 30, 2021 16:35:37.96 [23564:9312:0130/163537.960:ERROR:CONSOLE(1)] "Cannot find context with specified id", source: devtools://devtools/bundled/sdk/sdk.js (1)
1월 30, 2021 16:35:37.97 [23564:9312:0130/163537.960:ERROR:CONSOLE(1)] "Extension server error: Inspector protocol error: Cannot find context with specified id", source: devtools://devtools/bundled/extensions/extensions.js (1)
1월 30, 2021 16:36:00.94 [23564:9312:0130/163600.948:ERROR:CONSOLE(1)] "Cannot find context with specified id", source: devtools://devtools/bundled/sdk/sdk.js (1)
1월 30, 2021 16:36:00.95 [23564:9312:0130/163600.948:ERROR:CONSOLE(1)] "Extension server error: Inspector protocol error: Cannot find context with specified id", source: devtools://devtools/bundled/extensions/extensions.js (1)
1월 30, 2021 16:55:14.61 [23564:9312:0130/165514.618:ERROR:CONSOLE(1)] "Cannot find context with specified id", source: devtools://devtools/bundled/sdk/sdk.js (1)
1월 30, 2021 16:55:14.62 [23564:9312:0130/165514.618:ERROR:CONSOLE(1)] "Extension server error: Inspector protocol error: Cannot find context with specified id", source: devtools://devtools/bundled/extensions/extensions.js (1)
1월 30, 2021 16:59:02.34 [23564:9312:0130/165902.343:ERROR:CONSOLE(1)] "Cannot find context with specified id", source: devtools://devtools/bundled/sdk/sdk.js (1)
1월 30, 2021 16:59:02.35 [23564:9312:0130/165902.343:ERROR:CONSOLE(1)] "Extension server error: Inspector protocol error: Cannot find context with specified id", source: devtools://devtools/bundled/extensions/extensions.js (1)
1월 30, 2021 17:02:03.99 [23564:9312:0130/170203.994:ERROR:CONSOLE(1)] "Cannot find context with specified id", source: devtools://devtools/bundled/sdk/sdk.js (1)
1월 30, 2021 17:02:04.00 [23564:9312:0130/170203.994:ERROR:CONSOLE(1)] "Extension server error: Inspector protocol error: Cannot find context with specified id", source: devtools://devtools/bundled/extensions/extensions.js (1)
1월 30, 2021 17:02:04.01 [23564:9312:0130/170203.994:ERROR:CONSOLE(1)] "Cannot find context with specified id", source: devtools://devtools/bundled/sdk/sdk.js (1)
1월 30, 2021 17:02:04.02 [23564:9312:0130/170203.994:ERROR:CONSOLE(1)] "Extension server error: Inspector protocol error: Cannot find context with specified id", source: devtools://devtools/bundled/extensions/extensions.js (1)
1월 30, 2021 17:02:04.03 [23564:9312:0130/170203.994:ERROR:CONSOLE(1)] "Cannot find context with specified id", source: devtools://devtools/bundled/sdk/sdk.js (1)
1월 30, 2021 17:02:04.03 [23564:9312:0130/170203.994:ERROR:CONSOLE(1)] "Extension server error: Inspector protocol error: Cannot find context with specified id", source: devtools://devtools/bundled/extensions/extensions.js (1)
1월 30, 2021 17:02:04.04 [23564:9312:0130/170203.994:ERROR:CONSOLE(1)] "Cannot find context with specified id", source: devtools://devtools/bundled/sdk/sdk.js (1)
1월 30, 2021 17:02:04.05 [23564:9312:0130/170203.994:ERROR:CONSOLE(1)] "Extension server error: Inspector protocol error: Cannot find context with specified id", source: devtools://devtools/bundled/extensions/extensions.js (1)
1월 30, 2021 17:02:04.05 [23564:9312:0130/170203.994:ERROR:CONSOLE(1)] "Cannot find context with specified id", source: devtools://devtools/bundled/sdk/sdk.js (1)
1월 30, 2021 17:02:04.06 [23564:9312:0130/170203.994:ERROR:CONSOLE(1)] "Extension server error: Inspector protocol error: Cannot find context with specified id", source: devtools://devtools/bundled/extensions/extensions.js (1)
1월 30, 2021 17:02:04.07 [23564:9312:0130/170203.994:ERROR:CONSOLE(1)] "Cannot find context with specified id", source: devtools://devtools/bundled/sdk/sdk.js (1)
1월 30, 2021 17:02:04.08 [23564:9312:0130/170203.994:ERROR:CONSOLE(1)] "Extension server error: Inspector protocol error: Cannot find context with specified id", source: devtools://devtools/bundled/extensions/extensions.js (1)
1월 30, 2021 17:02:04.08 [23564:9312:0130/170203.994:ERROR:CONSOLE(1)] "Cannot find context with specified id", source: devtools://devtools/bundled/sdk/sdk.js (1)
1월 30, 2021 17:02:04.09 [23564:9312:0130/170203.994:ERROR:CONSOLE(1)] "Extension server error: Inspector protocol error: Cannot find context with specified id", source: devtools://devtools/bundled/extensions/extensions.js (1)
1월 30, 2021 17:02:04.09 [23564:9312:0130/170203.995:ERROR:CONSOLE(1)] "Cannot find context with specified id", source: devtools://devtools/bundled/sdk/sdk.js (1)
1월 30, 2021 17:02:04.10 [23564:9312:0130/170203.995:ERROR:CONSOLE(1)] "Extension server error: Inspector protocol error: Cannot find context with specified id", source: devtools://devtools/bundled/extensions/extensions.js (1)
1월 30, 2021 17:02:04.10 [23564:9312:0130/170203.995:ERROR:CONSOLE(1)] "Cannot find context with specified id", source: devtools://devtools/bundled/sdk/sdk.js (1)
1월 30, 2021 17:02:04.11 [23564:9312:0130/170203.995:ERROR:CONSOLE(1)] "Extension server error: Inspector protocol error: Cannot find context with specified id", source: devtools://devtools/bundled/extensions/extensions.js (1)
1월 30, 2021 17:03:05.37 [23564:9312:0130/170305.373:ERROR:CONSOLE(1)] "Cannot find context with specified id", source: devtools://devtools/bundled/sdk/sdk.js (1)
1월 30, 2021 17:03:05.38 [23564:9312:0130/170305.373:ERROR:CONSOLE(1)] "Extension server error: Inspector protocol error: Cannot find context with specified id", source: devtools://devtools/bundled/extensions/extensions.js (1)
1월 30, 2021 17:05:29.41 [23564:9312:0130/170529.416:ERROR:CONSOLE(1)] "Cannot find context with specified id", source: devtools://devtools/bundled/sdk/sdk.js (1)
1월 30, 2021 17:05:29.42 [23564:9312:0130/170529.416:ERROR:CONSOLE(1)] "Extension server error: Inspector protocol error: Cannot find context with specified id", source: devtools://devtools/bundled/extensions/extensions.js (1)
1월 30, 2021 17:06:13.82 [23564:9312:0130/170613.819:ERROR:CONSOLE(1)] "Cannot find context with specified id", source: devtools://devtools/bundled/sdk/sdk.js (1)
1월 30, 2021 17:06:13.82 [23564:9312:0130/170613.819:ERROR:CONSOLE(1)] "Extension server error: Inspector protocol error: Cannot find context with specified id", source: devtools://devtools/bundled/extensions/extensions.js (1)
1월 30, 2021 17:48:45.96 [23564:9312:0130/174845.962:ERROR:CONSOLE(1)] "Cannot find context with specified id", source: devtools://devtools/bundled/sdk/sdk.js (1)
1월 30, 2021 17:48:45.97 [23564:9312:0130/174845.962:ERROR:CONSOLE(1)] "Extension server error: Inspector protocol error: Cannot find context with specified id", source: devtools://devtools/bundled/extensions/extensions.js (1)
1월 30, 2021 17:50:11.91 [23564:9312:0130/175011.916:ERROR:CONSOLE(1)] "Cannot find context with specified id", source: devtools://devtools/bundled/sdk/sdk.js (1)
1월 30, 2021 17:50:11.92 [23564:9312:0130/175011.916:ERROR:CONSOLE(1)] "Extension server error: Inspector protocol error: Cannot find context with specified id", source: devtools://devtools/bundled/extensions/extensions.js (1)
1월 30, 2021 17:50:11.94 [23564:9312:0130/175011.916:ERROR:CONSOLE(1)] "Cannot find context with specified id", source: devtools://devtools/bundled/sdk/sdk.js (1)
1월 30, 2021 17:50:11.95 [23564:9312:0130/175011.916:ERROR:CONSOLE(1)] "Extension server error: Inspector protocol error: Cannot find context with specified id", source: devtools://devtools/bundled/extensions/extensions.js (1)
1월 30, 2021 17:50:24.96 [23564:9312:0130/175024.966:ERROR:CONSOLE(1)] "Cannot find context with specified id", source: devtools://devtools/bundled/sdk/sdk.js (1)
1월 30, 2021 17:50:24.97 [23564:9312:0130/175024.966:ERROR:CONSOLE(1)] "Extension server error: Inspector protocol error: Cannot find context with specified id", source: devtools://devtools/bundled/extensions/extensions.js (1)
1월 30, 2021 18:04:35.48 [23564:9312:0130/180435.481:ERROR:CONSOLE(1)] "Cannot find context with specified id", source: devtools://devtools/bundled/sdk/sdk.js (1)
1월 30, 2021 18:04:35.49 [23564:9312:0130/180435.481:ERROR:CONSOLE(1)] "Extension server error: Inspector protocol error: Cannot find context with specified id", source: devtools://devtools/bundled/extensions/extensions.js (1)
1월 30, 2021 18:04:59.46 [23564:9312:0130/180459.462:ERROR:CONSOLE(1)] "Cannot find context with specified id", source: devtools://devtools/bundled/sdk/sdk.js (1)
1월 30, 2021 18:04:59.47 [23564:9312:0130/180459.462:ERROR:CONSOLE(1)] "Extension server error: Inspector protocol error: Cannot find context with specified id", source: devtools://devtools/bundled/extensions/extensions.js (1)
1월 30, 2021 18:08:08.63 [23564:9312:0130/180808.631:ERROR:CONSOLE(1)] "Cannot find context with specified id", source: devtools://devtools/bundled/sdk/sdk.js (1)
1월 30, 2021 18:08:08.64 [23564:9312:0130/180808.631:ERROR:CONSOLE(1)] "Extension server error: Inspector protocol error: Cannot find context with specified id", source: devtools://devtools/bundled/extensions/extensions.js (1)
1월 30, 2021 18:08:08.65 [23564:9312:0130/180808.631:ERROR:CONSOLE(1)] "Cannot find context with specified id", source: devtools://devtools/bundled/sdk/sdk.js (1)
1월 30, 2021 18:08:08.66 [23564:9312:0130/180808.631:ERROR:CONSOLE(1)] "Extension server error: Inspector protocol error: Cannot find context with specified id", source: devtools://devtools/bundled/extensions/extensions.js (1)
1월 30, 2021 18:14:53.36 [23564:9312:0130/181453.361:ERROR:CONSOLE(1)] "Cannot find context with specified id", source: devtools://devtools/bundled/sdk/sdk.js (1)
1월 30, 2021 18:14:53.37 [23564:9312:0130/181453.361:ERROR:CONSOLE(1)] "Extension server error: Inspector protocol error: Cannot find context with specified id", source: devtools://devtools/bundled/extensions/extensions.js (1)
1월 30, 2021 18:15:45.01 [23564:9312:0130/181545.013:ERROR:CONSOLE(1)] "Cannot find context with specified id", source: devtools://devtools/bundled/sdk/sdk.js (1)
1월 30, 2021 18:15:45.02 [23564:9312:0130/181545.013:ERROR:CONSOLE(1)] "Extension server error: Inspector protocol error: Cannot find context with specified id", source: devtools://devtools/bundled/extensions/extensions.js (1)
1월 30, 2021 18:15:49.99 [23564:9312:0130/181549.993:ERROR:CONSOLE(1)] "Cannot find context with specified id", source: devtools://devtools/bundled/sdk/sdk.js (1)
1월 30, 2021 18:15:50.00 [23564:9312:0130/181549.993:ERROR:CONSOLE(1)] "Extension server error: Inspector protocol error: Cannot find context with specified id", source: devtools://devtools/bundled/extensions/extensions.js (1)
1월 30, 2021 18:15:58.91 [23564:9312:0130/181558.918:ERROR:CONSOLE(1)] "Cannot find context with specified id", source: devtools://devtools/bundled/sdk/sdk.js (1)
1월 30, 2021 18:15:58.92 [23564:9312:0130/181558.919:ERROR:CONSOLE(1)] "Extension server error: Inspector protocol error: Cannot find context with specified id", source: devtools://devtools/bundled/extensions/extensions.js (1)
1월 30, 2021 18:18:29.15 [23564:9312:0130/181829.151:ERROR:CONSOLE(1)] "Cannot find context with specified id", source: devtools://devtools/bundled/sdk/sdk.js (1)
1월 30, 2021 18:18:29.16 [23564:9312:0130/181829.151:ERROR:CONSOLE(1)] "Extension server error: Inspector protocol error: Cannot find context with specified id", source: devtools://devtools/bundled/extensions/extensions.js (1)
1월 30, 2021 18:18:29.16 [23564:9312:0130/181829.151:ERROR:CONSOLE(1)] "Cannot find context with specified id", source: devtools://devtools/bundled/sdk/sdk.js (1)
1월 30, 2021 18:18:29.17 [23564:9312:0130/181829.151:ERROR:CONSOLE(1)] "Extension server error: Inspector protocol error: Cannot find context with specified id", source: devtools://devtools/bundled/extensions/extensions.js (1)
1월 30, 2021 18:19:19.21 [23564:9312:0130/181919.211:ERROR:CONSOLE(1)] "Cannot find context with specified id", source: devtools://devtools/bundled/sdk/sdk.js (1)
1월 30, 2021 18:19:19.22 [23564:9312:0130/181919.211:ERROR:CONSOLE(1)] "Extension server error: Inspector protocol error: Cannot find context with specified id", source: devtools://devtools/bundled/extensions/extensions.js (1)
1월 30, 2021 18:19:30.97 [23564:9312:0130/181930.971:ERROR:CONSOLE(1)] "Cannot find context with specified id", source: devtools://devtools/bundled/sdk/sdk.js (1)
1월 30, 2021 18:19:30.98 [23564:9312:0130/181930.972:ERROR:CONSOLE(1)] "Extension server error: Inspector protocol error: Cannot find context with specified id", source: devtools://devtools/bundled/extensions/extensions.js (1)
1월 30, 2021 18:21:12.18 [23564:9312:0130/182112.181:ERROR:CONSOLE(1)] "Cannot find context with specified id", source: devtools://devtools/bundled/sdk/sdk.js (1)
1월 30, 2021 18:21:12.19 [23564:9312:0130/182112.181:ERROR:CONSOLE(1)] "Extension server error: Inspector protocol error: Cannot find context with specified id", source: devtools://devtools/bundled/extensions/extensions.js (1)
1월 30, 2021 18:22:45.19 [23564:9312:0130/182245.191:ERROR:CONSOLE(1)] "Cannot find context with specified id", source: devtools://devtools/bundled/sdk/sdk.js (1)
1월 30, 2021 18:22:45.20 [23564:9312:0130/182245.191:ERROR:CONSOLE(1)] "Extension server error: Inspector protocol error: Cannot find context with specified id", source: devtools://devtools/bundled/extensions/extensions.js (1)
1월 30, 2021 18:23:57.02 [23564:9312:0130/182357.026:ERROR:CONSOLE(1)] "Cannot find context with specified id", source: devtools://devtools/bundled/sdk/sdk.js (1)
1월 30, 2021 18:23:57.03 [23564:9312:0130/182357.027:ERROR:CONSOLE(1)] "Extension server error: Inspector protocol error: Cannot find context with specified id", source: devtools://devtools/bundled/extensions/extensions.js (1)
1월 30, 2021 18:24:30.00 [23564:9312:0130/182430.004:ERROR:CONSOLE(1)] "Cannot find context with specified id", source: devtools://devtools/bundled/sdk/sdk.js (1)
1월 30, 2021 18:24:30.01 [23564:9312:0130/182430.004:ERROR:CONSOLE(1)] "Extension server error: Inspector protocol error: Cannot find context with specified id", source: devtools://devtools/bundled/extensions/extensions.js (1)
1월 30, 2021 18:24:33.43 [23564:9312:0130/182433.436:ERROR:CONSOLE(1)] "Cannot find context with specified id", source: devtools://devtools/bundled/sdk/sdk.js (1)
1월 30, 2021 18:24:33.44 [23564:9312:0130/182433.436:ERROR:CONSOLE(1)] "Extension server error: Inspector protocol error: Cannot find context with specified id", source: devtools://devtools/bundled/extensions/extensions.js (1)
1월 30, 2021 18:24:33.46 [23564:9312:0130/182433.436:ERROR:CONSOLE(1)] "Cannot find context with specified id", source: devtools://devtools/bundled/sdk/sdk.js (1)
1월 30, 2021 18:24:33.46 [23564:9312:0130/182433.436:ERROR:CONSOLE(1)] "Extension server error: Inspector protocol error: Cannot find context with specified id", source: devtools://devtools/bundled/extensions/extensions.js (1)
1월 30, 2021 18:29:15.83 [23564:9312:0130/182915.831:ERROR:CONSOLE(1)] "Cannot find context with specified id", source: devtools://devtools/bundled/sdk/sdk.js (1)
1월 30, 2021 18:29:15.84 [23564:9312:0130/182915.831:ERROR:CONSOLE(1)] "Extension server error: Inspector protocol error: Cannot find context with specified id", source: devtools://devtools/bundled/extensions/extensions.js (1)
1월 30, 2021 18:29:15.85 [23564:9312:0130/182915.832:ERROR:CONSOLE(1)] "Cannot find context with specified id", source: devtools://devtools/bundled/sdk/sdk.js (1)
1월 30, 2021 18:29:15.86 [23564:9312:0130/182915.832:ERROR:CONSOLE(1)] "Extension server error: Inspector protocol error: Cannot find context with specified id", source: devtools://devtools/bundled/extensions/extensions.js (1)
1월 30, 2021 18:31:04.92 [23564:9312:0130/183104.922:ERROR:CONSOLE(1)] "Cannot find context with specified id", source: devtools://devtools/bundled/sdk/sdk.js (1)
1월 30, 2021 18:31:04.92 [23564:9312:0130/183104.922:ERROR:CONSOLE(1)] "Extension server error: Inspector protocol error: Cannot find context with specified id", source: devtools://devtools/bundled/extensions/extensions.js (1)
1월 30, 2021 18:31:11.09 [23564:9312:0130/183111.093:ERROR:CONSOLE(1)] "Cannot find context with specified id", source: devtools://devtools/bundled/sdk/sdk.js (1)
1월 30, 2021 18:31:11.10 [23564:9312:0130/183111.093:ERROR:CONSOLE(1)] "Extension server error: Inspector protocol error: Cannot find context with specified id", source: devtools://devtools/bundled/extensions/extensions.js (1)
1월 30, 2021 18:31:53.34 [23564:9312:0130/183153.344:ERROR:CONSOLE(1)] "Cannot find context with specified id", source: devtools://devtools/bundled/sdk/sdk.js (1)
1월 30, 2021 18:31:53.35 [23564:9312:0130/183153.344:ERROR:CONSOLE(1)] "Extension server error: Inspector protocol error: Cannot find context with specified id", source: devtools://devtools/bundled/extensions/extensions.js (1)
1월 30, 2021 18:31:54.92 [23564:9312:0130/183154.922:ERROR:CONSOLE(1)] "Cannot find context with specified id", source: devtools://devtools/bundled/sdk/sdk.js (1)
1월 30, 2021 18:31:54.92 [23564:9312:0130/183154.922:ERROR:CONSOLE(1)] "Extension server error: Inspector protocol error: Cannot find context with specified id", source: devtools://devtools/bundled/extensions/extensions.js (1)
1월 30, 2021 18:33:14.80 [23564:9312:0130/183314.801:ERROR:CONSOLE(1)] "Cannot find context with specified id", source: devtools://devtools/bundled/sdk/sdk.js (1)
1월 30, 2021 18:33:14.81 [23564:9312:0130/183314.801:ERROR:CONSOLE(1)] "Extension server error: Inspector protocol error: Cannot find context with specified id", source: devtools://devtools/bundled/extensions/extensions.js (1)
1월 30, 2021 18:34:48.68 [23564:9312:0130/183448.682:ERROR:CONSOLE(1)] "Cannot find context with specified id", source: devtools://devtools/bundled/sdk/sdk.js (1)
1월 30, 2021 18:34:48.69 [23564:9312:0130/183448.682:ERROR:CONSOLE(1)] "Extension server error: Inspector protocol error: Cannot find context with specified id", source: devtools://devtools/bundled/extensions/extensions.js (1)
1월 30, 2021 19:24:48.79 [23564:9312:0130/192448.796:ERROR:CONSOLE(1)] "Cannot find context with specified id", source: devtools://devtools/bundled/sdk/sdk.js (1)
1월 30, 2021 19:24:48.80 [23564:9312:0130/192448.796:ERROR:CONSOLE(1)] "Extension server error: Inspector protocol error: Cannot find context with specified id", source: devtools://devtools/bundled/extensions/extensions.js (1)
1월 30, 2021 19:25:08.32 [23564:9312:0130/192508.325:ERROR:CONSOLE(1)] "Cannot find context with specified id", source: devtools://devtools/bundled/sdk/sdk.js (1)
1월 30, 2021 19:25:08.33 [23564:9312:0130/192508.325:ERROR:CONSOLE(1)] "Extension server error: Inspector protocol error: Cannot find context with specified id", source: devtools://devtools/bundled/extensions/extensions.js (1)
1월 30, 2021 19:26:12.02 [23564:9312:0130/192612.028:ERROR:CONSOLE(1)] "Cannot find context with specified id", source: devtools://devtools/bundled/sdk/sdk.js (1)
1월 30, 2021 19:26:12.04 [23564:9312:0130/192612.028:ERROR:CONSOLE(1)] "Extension server error: Inspector protocol error: Cannot find context with specified id", source: devtools://devtools/bundled/extensions/extensions.js (1)
1월 30, 2021 20:01:05.71 [23564:9312:0130/200105.715:ERROR:CONSOLE(1)] "Cannot find context with specified id", source: devtools://devtools/bundled/sdk/sdk.js (1)
1월 30, 2021 20:01:05.72 [23564:9312:0130/200105.716:ERROR:CONSOLE(1)] "Extension server error: Inspector protocol error: Cannot find context with specified id", source: devtools://devtools/bundled/extensions/extensions.js (1)
1월 30, 2021 20:02:03.41 [23564:9312:0130/200203.415:ERROR:CONSOLE(1)] "Cannot find context with specified id", source: devtools://devtools/bundled/sdk/sdk.js (1)
1월 30, 2021 20:02:03.42 [23564:9312:0130/200203.416:ERROR:CONSOLE(1)] "Extension server error: Inspector protocol error: Cannot find context with specified id", source: devtools://devtools/bundled/extensions/extensions.js (1)
1월 30, 2021 20:02:43.46 [23564:9312:0130/200243.468:ERROR:CONSOLE(1)] "Cannot find context with specified id", source: devtools://devtools/bundled/sdk/sdk.js (1)
1월 30, 2021 20:02:43.47 [23564:9312:0130/200243.468:ERROR:CONSOLE(1)] "Extension server error: Inspector protocol error: Cannot find context with specified id", source: devtools://devtools/bundled/extensions/extensions.js (1)
1월 30, 2021 20:03:42.80 [23564:9312:0130/200342.805:ERROR:CONSOLE(1)] "Cannot find context with specified id", source: devtools://devtools/bundled/sdk/sdk.js (1)
1월 30, 2021 20:03:42.81 [23564:9312:0130/200342.805:ERROR:CONSOLE(1)] "Extension server error: Inspector protocol error: Cannot find context with specified id", source: devtools://devtools/bundled/extensions/extensions.js (1)
1월 30, 2021 20:04:16.35 [23564:9312:0130/200416.358:ERROR:CONSOLE(1)] "Cannot find context with specified id", source: devtools://devtools/bundled/sdk/sdk.js (1)
1월 30, 2021 20:04:16.36 [23564:9312:0130/200416.358:ERROR:CONSOLE(1)] "Extension server error: Inspector protocol error: Cannot find context with specified id", source: devtools://devtools/bundled/extensions/extensions.js (1)
1월 30, 2021 20:11:53.52 [23564:9312:0130/201153.519:ERROR:CONSOLE(1)] "Cannot find context with specified id", source: devtools://devtools/bundled/sdk/sdk.js (1)
1월 30, 2021 20:11:53.52 [23564:9312:0130/201153.519:ERROR:CONSOLE(1)] "Extension server error: Inspector protocol error: Cannot find context with specified id", source: devtools://devtools/bundled/extensions/extensions.js (1)
1월 30, 2021 20:11:53.53 [23564:9312:0130/201153.519:ERROR:CONSOLE(1)] "Cannot find context with specified id", source: devtools://devtools/bundled/sdk/sdk.js (1)
1월 30, 2021 20:11:53.54 [23564:9312:0130/201153.519:ERROR:CONSOLE(1)] "Extension server error: Inspector protocol error: Cannot find context with specified id", source: devtools://devtools/bundled/extensions/extensions.js (1)
1월 30, 2021 22:10:39.13 [23564:9312:0130/221039.136:ERROR:CONSOLE(1)] "Extension server error: Operation failed: Permission denied", source: devtools://devtools/bundled/extensions/extensions.js (1)
1월 30, 2021 22:10:39.16 [23564:9312:0130/221039.161:ERROR:CONSOLE(1)] "Extension server error: Operation failed: Permission denied", source: devtools://devtools/bundled/extensions/extensions.js (1)
1월 30, 2021 22:10:39.18 [23564:9312:0130/221039.184:ERROR:CONSOLE(1)] "Extension server error: Operation failed: Permission denied", source: devtools://devtools/bundled/extensions/extensions.js (1)
1월 30, 2021 22:10:39.20 [23564:9312:0130/221039.205:ERROR:CONSOLE(1)] "Cannot find context with specified id", source: devtools://devtools/bundled/sdk/sdk.js (1)
1월 30, 2021 22:10:39.21 [23564:9312:0130/221039.206:ERROR:CONSOLE(1)] "Extension server error: Inspector protocol error: Cannot find context with specified id", source: devtools://devtools/bundled/extensions/extensions.js (1)
1월 30, 2021 22:10:39.22 [23564:9312:0130/221039.206:ERROR:CONSOLE(1)] "Cannot find context with specified id", source: devtools://devtools/bundled/sdk/sdk.js (1)
1월 30, 2021 22:10:39.23 [23564:9312:0130/221039.206:ERROR:CONSOLE(1)] "Extension server error: Inspector protocol error: Cannot find context with specified id", source: devtools://devtools/bundled/extensions/extensions.js (1)
1월 30, 2021 22:10:39.24 [23564:9312:0130/221039.206:ERROR:CONSOLE(1)] "Cannot find context with specified id", source: devtools://devtools/bundled/sdk/sdk.js (1)
1월 30, 2021 22:10:39.25 [23564:9312:0130/221039.206:ERROR:CONSOLE(1)] "Extension server error: Inspector protocol error: Cannot find context with specified id", source: devtools://devtools/bundled/extensions/extensions.js (1)
1월 30, 2021 22:10:39.26 [23564:9312:0130/221039.207:ERROR:CONSOLE(1)] "Cannot find context with specified id", source: devtools://devtools/bundled/sdk/sdk.js (1)
1월 30, 2021 22:10:39.26 [23564:9312:0130/221039.208:ERROR:CONSOLE(1)] "Extension server error: Inspector protocol error: Cannot find context with specified id", source: devtools://devtools/bundled/extensions/extensions.js (1)
1월 30, 2021 22:10:40.18 [23564:9312:0130/221040.184:ERROR:CONSOLE(1)] "Extension server error: Operation failed: Permission denied", source: devtools://devtools/bundled/extensions/extensions.js (1)
1월 30, 2021 22:10:41.18 [23564:9312:0130/221041.187:ERROR:CONSOLE(1)] "Extension server error: Operation failed: Permission denied", source: devtools://devtools/bundled/extensions/extensions.js (1)
1월 30, 2021 22:10:42.18 [23564:9312:0130/221042.184:ERROR:CONSOLE(1)] "Extension server error: Operation failed: Permission denied", source: devtools://devtools/bundled/extensions/extensions.js (1)
1월 30, 2021 22:10:43.18 [23564:9312:0130/221043.185:ERROR:CONSOLE(1)] "Extension server error: Operation failed: Permission denied", source: devtools://devtools/bundled/extensions/extensions.js (1)
1월 30, 2021 22:10:44.18 [23564:9312:0130/221044.186:ERROR:CONSOLE(1)] "Extension server error: Operation failed: Permission denied", source: devtools://devtools/bundled/extensions/extensions.js (1)
1월 30, 2021 22:10:45.18 [23564:9312:0130/221045.187:ERROR:CONSOLE(1)] "Extension server error: Operation failed: Permission denied", source: devtools://devtools/bundled/extensions/extensions.js (1)
1월 30, 2021 22:10:46.18 [23564:9312:0130/221046.183:ERROR:CONSOLE(1)] "Extension server error: Operation failed: Permission denied", source: devtools://devtools/bundled/extensions/extensions.js (1)
1월 30, 2021 22:10:46.74 [23564:9312:0130/221046.742:ERROR:CONSOLE(1)] "Extension server error: Operation failed: http://localhost:8080/freeBoard_Search.ino?type=name&searchText=2 has no execution context", source: devtools://devtools/bundled/extensions/extensions.js (1)
1월 30, 2021 22:10:46.75 [23564:9312:0130/221046.742:ERROR:CONSOLE(1)] "Extension server error: Operation failed: http://localhost:8080/freeBoard_Search.ino?type=name&searchText=2 has no execution context", source: devtools://devtools/bundled/extensions/extensions.js (1)
1월 30, 2021 22:11:13.29 [23564:9312:0130/221113.295:ERROR:CONSOLE(1)] "Cannot find context with specified id", source: devtools://devtools/bundled/sdk/sdk.js (1)
1월 30, 2021 22:11:13.30 [23564:9312:0130/221113.295:ERROR:CONSOLE(1)] "Extension server error: Inspector protocol error: Cannot find context with specified id", source: devtools://devtools/bundled/extensions/extensions.js (1)
1월 30, 2021 22:11:13.31 [23564:9312:0130/221113.295:ERROR:CONSOLE(1)] "Cannot find context with specified id", source: devtools://devtools/bundled/sdk/sdk.js (1)
1월 30, 2021 22:11:13.32 [23564:9312:0130/221113.295:ERROR:CONSOLE(1)] "Extension server error: Inspector protocol error: Cannot find context with specified id", source: devtools://devtools/bundled/extensions/extensions.js (1)
1월 30, 2021 22:18:27.73 [23564:9312:0130/221827.730:ERROR:CONSOLE(1)] "Extension server error: Operation failed: Permission denied", source: devtools://devtools/bundled/extensions/extensions.js (1)
1월 30, 2021 22:18:27.75 [23564:9312:0130/221827.757:ERROR:CONSOLE(1)] "Extension server error: Operation failed: Permission denied", source: devtools://devtools/bundled/extensions/extensions.js (1)
1월 30, 2021 22:18:27.83 [23564:9312:0130/221827.838:ERROR:CONSOLE(1)] "Cannot find context with specified id", source: devtools://devtools/bundled/sdk/sdk.js (1)
1월 30, 2021 22:18:27.84 [23564:9312:0130/221827.838:ERROR:CONSOLE(1)] "Extension server error: Inspector protocol error: Cannot find context with specified id", source: devtools://devtools/bundled/extensions/extensions.js (1)
1월 30, 2021 22:18:27.85 [23564:9312:0130/221827.838:ERROR:CONSOLE(1)] "Cannot find context with specified id", source: devtools://devtools/bundled/sdk/sdk.js (1)
1월 30, 2021 22:18:27.86 [23564:9312:0130/221827.838:ERROR:CONSOLE(1)] "Extension server error: Inspector protocol error: Cannot find context with specified id", source: devtools://devtools/bundled/extensions/extensions.js (1)
1월 30, 2021 22:18:27.87 [23564:9312:0130/221827.838:ERROR:CONSOLE(1)] "Cannot find context with specified id", source: devtools://devtools/bundled/sdk/sdk.js (1)
1월 30, 2021 22:18:27.87 [23564:9312:0130/221827.838:ERROR:CONSOLE(1)] "Extension server error: Inspector protocol error: Cannot find context with specified id", source: devtools://devtools/bundled/extensions/extensions.js (1)
1월 30, 2021 22:18:27.88 [23564:9312:0130/221827.838:ERROR:CONSOLE(1)] "Cannot find context with specified id", source: devtools://devtools/bundled/sdk/sdk.js (1)
1월 30, 2021 22:18:27.89 [23564:9312:0130/221827.838:ERROR:CONSOLE(1)] "Extension server error: Inspector protocol error: Cannot find context with specified id", source: devtools://devtools/bundled/extensions/extensions.js (1)
1월 30, 2021 22:18:28.19 [23564:9312:0130/221828.194:ERROR:CONSOLE(1)] "Extension server error: Operation failed: Permission denied", source: devtools://devtools/bundled/extensions/extensions.js (1)
1월 30, 2021 22:18:29.19 [23564:9312:0130/221829.196:ERROR:CONSOLE(1)] "Extension server error: Operation failed: Permission denied", source: devtools://devtools/bundled/extensions/extensions.js (1)
1월 30, 2021 22:18:30.19 [23564:9312:0130/221830.192:ERROR:CONSOLE(1)] "Extension server error: Operation failed: Permission denied", source: devtools://devtools/bundled/extensions/extensions.js (1)
1월 30, 2021 22:18:31.19 [23564:9312:0130/221831.190:ERROR:CONSOLE(1)] "Extension server error: Operation failed: Permission denied", source: devtools://devtools/bundled/extensions/extensions.js (1)
1월 30, 2021 22:18:32.19 [23564:9312:0130/221832.190:ERROR:CONSOLE(1)] "Extension server error: Operation failed: Permission denied", source: devtools://devtools/bundled/extensions/extensions.js (1)
1월 30, 2021 22:18:33.19 [23564:9312:0130/221833.197:ERROR:CONSOLE(1)] "Extension server error: Operation failed: Permission denied", source: devtools://devtools/bundled/extensions/extensions.js (1)
1월 30, 2021 22:18:34.19 [23564:9312:0130/221834.198:ERROR:CONSOLE(1)] "Extension server error: Operation failed: Permission denied", source: devtools://devtools/bundled/extensions/extensions.js (1)
1월 30, 2021 22:18:35.19 [23564:9312:0130/221835.196:ERROR:CONSOLE(1)] "Extension server error: Operation failed: Permission denied", source: devtools://devtools/bundled/extensions/extensions.js (1)
1월 30, 2021 22:18:36.19 [23564:9312:0130/221836.191:ERROR:CONSOLE(1)] "Extension server error: Operation failed: Permission denied", source: devtools://devtools/bundled/extensions/extensions.js (1)
1월 30, 2021 22:18:37.19 [23564:9312:0130/221837.193:ERROR:CONSOLE(1)] "Extension server error: Operation failed: Permission denied", source: devtools://devtools/bundled/extensions/extensions.js (1)
1월 30, 2021 22:18:38.19 [23564:9312:0130/221838.197:ERROR:CONSOLE(1)] "Extension server error: Operation failed: Permission denied", source: devtools://devtools/bundled/extensions/extensions.js (1)
1월 30, 2021 22:18:39.18 [23564:9312:0130/221839.182:ERROR:CONSOLE(1)] "Extension server error: Operation failed: Permission denied", source: devtools://devtools/bundled/extensions/extensions.js (1)
1월 30, 2021 22:18:40.19 [23564:9312:0130/221840.194:ERROR:CONSOLE(1)] "Extension server error: Operation failed: Permission denied", source: devtools://devtools/bundled/extensions/extensions.js (1)
1월 30, 2021 22:18:41.19 [23564:9312:0130/221841.193:ERROR:CONSOLE(1)] "Extension server error: Operation failed: Permission denied", source: devtools://devtools/bundled/extensions/extensions.js (1)
1월 30, 2021 22:18:42.18 [23564:9312:0130/221842.184:ERROR:CONSOLE(1)] "Extension server error: Operation failed: Permission denied", source: devtools://devtools/bundled/extensions/extensions.js (1)
1월 30, 2021 22:18:43.19 [23564:9312:0130/221843.196:ERROR:CONSOLE(1)] "Extension server error: Operation failed: Permission denied", source: devtools://devtools/bundled/extensions/extensions.js (1)
1월 30, 2021 22:18:44.19 [23564:9312:0130/221844.189:ERROR:CONSOLE(1)] "Extension server error: Operation failed: Permission denied", source: devtools://devtools/bundled/extensions/extensions.js (1)
1월 30, 2021 22:18:45.19 [23564:9312:0130/221845.199:ERROR:CONSOLE(1)] "Extension server error: Operation failed: Permission denied", source: devtools://devtools/bundled/extensions/extensions.js (1)
1월 30, 2021 22:18:46.19 [23564:9312:0130/221846.194:ERROR:CONSOLE(1)] "Extension server error: Operation failed: Permission denied", source: devtools://devtools/bundled/extensions/extensions.js (1)
1월 30, 2021 22:18:47.19 [23564:9312:0130/221847.197:ERROR:CONSOLE(1)] "Extension server error: Operation failed: Permission denied", source: devtools://devtools/bundled/extensions/extensions.js (1)
1월 30, 2021 22:18:48.19 [23564:9312:0130/221848.191:ERROR:CONSOLE(1)] "Extension server error: Operation failed: Permission denied", source: devtools://devtools/bundled/extensions/extensions.js (1)
1월 30, 2021 22:18:49.18 [23564:9312:0130/221849.183:ERROR:CONSOLE(1)] "Extension server error: Operation failed: Permission denied", source: devtools://devtools/bundled/extensions/extensions.js (1)
1월 30, 2021 22:18:50.18 [23564:9312:0130/221850.185:ERROR:CONSOLE(1)] "Extension server error: Operation failed: Permission denied", source: devtools://devtools/bundled/extensions/extensions.js (1)
1월 30, 2021 22:18:51.18 [23564:9312:0130/221851.188:ERROR:CONSOLE(1)] "Extension server error: Operation failed: Permission denied", source: devtools://devtools/bundled/extensions/extensions.js (1)
1월 30, 2021 22:18:52.19 [23564:9312:0130/221852.189:ERROR:CONSOLE(1)] "Extension server error: Operation failed: Permission denied", source: devtools://devtools/bundled/extensions/extensions.js (1)
1월 30, 2021 22:18:53.18 [23564:9312:0130/221853.185:ERROR:CONSOLE(1)] "Extension server error: Operation failed: Permission denied", source: devtools://devtools/bundled/extensions/extensions.js (1)
1월 30, 2021 22:18:54.19 [23564:9312:0130/221854.197:ERROR:CONSOLE(1)] "Extension server error: Operation failed: Permission denied", source: devtools://devtools/bundled/extensions/extensions.js (1)
1월 30, 2021 22:18:58.30 [23564:9312:0130/221858.302:ERROR:CONSOLE(1)] "Cannot find context with specified id", source: devtools://devtools/bundled/sdk/sdk.js (1)
1월 30, 2021 22:18:58.31 [23564:9312:0130/221858.302:ERROR:CONSOLE(1)] "Extension server error: Inspector protocol error: Cannot find context with specified id", source: devtools://devtools/bundled/extensions/extensions.js (1)
1월 30, 2021 22:18:58.32 [23564:9312:0130/221858.303:ERROR:CONSOLE(1)] "Cannot find context with specified id", source: devtools://devtools/bundled/sdk/sdk.js (1)
1월 30, 2021 22:18:58.35 [23564:9312:0130/221858.303:ERROR:CONSOLE(1)] "Extension server error: Inspector protocol error: Cannot find context with specified id", source: devtools://devtools/bundled/extensions/extensions.js (1)
1월 30, 2021 22:18:58.37 [23564:9312:0130/221858.303:ERROR:CONSOLE(1)] "Cannot find context with specified id", source: devtools://devtools/bundled/sdk/sdk.js (1)
1월 30, 2021 22:18:58.40 [23564:9312:0130/221858.303:ERROR:CONSOLE(1)] "Extension server error: Inspector protocol error: Cannot find context with specified id", source: devtools://devtools/bundled/extensions/extensions.js (1)
1월 30, 2021 22:20:22.38 [23564:9312:0130/222022.385:ERROR:CONSOLE(1)] "Cannot find context with specified id", source: devtools://devtools/bundled/sdk/sdk.js (1)
1월 30, 2021 22:20:22.39 [23564:9312:0130/222022.385:ERROR:CONSOLE(1)] "Extension server error: Inspector protocol error: Cannot find context with specified id", source: devtools://devtools/bundled/extensions/extensions.js (1)
1월 30, 2021 22:21:26.86 [23564:9312:0130/222126.864:ERROR:CONSOLE(1)] "Cannot find context with specified id", source: devtools://devtools/bundled/sdk/sdk.js (1)
1월 30, 2021 22:21:26.87 [23564:9312:0130/222126.865:ERROR:CONSOLE(1)] "Extension server error: Inspector protocol error: Cannot find context with specified id", source: devtools://devtools/bundled/extensions/extensions.js (1)
1월 30, 2021 22:21:30.24 [23564:9312:0130/222130.246:ERROR:CONSOLE(1)] "Cannot find context with specified id", source: devtools://devtools/bundled/sdk/sdk.js (1)
1월 30, 2021 22:21:30.25 [23564:9312:0130/222130.246:ERROR:CONSOLE(1)] "Extension server error: Inspector protocol error: Cannot find context with specified id", source: devtools://devtools/bundled/extensions/extensions.js (1)
1월 30, 2021 22:38:50.50 [23564:9312:0130/223850.499:ERROR:CONSOLE(1)] "Cannot find context with specified id", source: devtools://devtools/bundled/sdk/sdk.js (1)
1월 30, 2021 22:38:50.50 [23564:9312:0130/223850.499:ERROR:CONSOLE(1)] "Extension server error: Inspector protocol error: Cannot find context with specified id", source: devtools://devtools/bundled/extensions/extensions.js (1)
1월 30, 2021 22:40:36.28 [23564:9312:0130/224036.280:ERROR:CONSOLE(1)] "Cannot find context with specified id", source: devtools://devtools/bundled/sdk/sdk.js (1)
1월 30, 2021 22:40:36.28 [23564:9312:0130/224036.280:ERROR:CONSOLE(1)] "Extension server error: Inspector protocol error: Cannot find context with specified id", source: devtools://devtools/bundled/extensions/extensions.js (1)
1월 30, 2021 22:40:38.24 [23564:9312:0130/224038.240:ERROR:CONSOLE(1)] "Cannot find context with specified id", source: devtools://devtools/bundled/sdk/sdk.js (1)
1월 30, 2021 22:40:38.24 [23564:9312:0130/224038.240:ERROR:CONSOLE(1)] "Extension server error: Inspector protocol error: Cannot find context with specified id", source: devtools://devtools/bundled/extensions/extensions.js (1)
1월 30, 2021 22:41:26.56 [23564:9312:0130/224126.564:ERROR:CONSOLE(1)] "Cannot find context with specified id", source: devtools://devtools/bundled/sdk/sdk.js (1)
1월 30, 2021 22:41:26.57 [23564:9312:0130/224126.564:ERROR:CONSOLE(1)] "Extension server error: Inspector protocol error: Cannot find context with specified id", source: devtools://devtools/bundled/extensions/extensions.js (1)
1월 30, 2021 22:46:01.77 [23564:9312:0130/224601.773:ERROR:CONSOLE(1)] "Cannot find context with specified id", source: devtools://devtools/bundled/sdk/sdk.js (1)
1월 30, 2021 22:46:01.78 [23564:9312:0130/224601.773:ERROR:CONSOLE(1)] "Extension server error: Inspector protocol error: Cannot find context with specified id", source: devtools://devtools/bundled/extensions/extensions.js (1)
1월 30, 2021 22:46:30.47 [23564:9312:0130/224630.475:ERROR:CONSOLE(1)] "Cannot find context with specified id", source: devtools://devtools/bundled/sdk/sdk.js (1)
1월 30, 2021 22:46:30.48 [23564:9312:0130/224630.475:ERROR:CONSOLE(1)] "Extension server error: Inspector protocol error: Cannot find context with specified id", source: devtools://devtools/bundled/extensions/extensions.js (1)
1월 30, 2021 22:47:21.23 [23564:9312:0130/224721.231:ERROR:CONSOLE(1)] "Cannot find context with specified id", source: devtools://devtools/bundled/sdk/sdk.js (1)
1월 30, 2021 22:47:21.24 [23564:9312:0130/224721.231:ERROR:CONSOLE(1)] "Extension server error: Inspector protocol error: Cannot find context with specified id", source: devtools://devtools/bundled/extensions/extensions.js (1)
1월 30, 2021 22:47:24.27 [23564:9312:0130/224724.279:ERROR:CONSOLE(1)] "Cannot find context with specified id", source: devtools://devtools/bundled/sdk/sdk.js (1)
1월 30, 2021 22:47:24.28 [23564:9312:0130/224724.279:ERROR:CONSOLE(1)] "Extension server error: Inspector protocol error: Cannot find context with specified id", source: devtools://devtools/bundled/extensions/extensions.js (1)
1월 30, 2021 22:47:55.37 [23564:9312:0130/224755.374:ERROR:CONSOLE(1)] "Cannot find context with specified id", source: devtools://devtools/bundled/sdk/sdk.js (1)
1월 30, 2021 22:47:55.38 [23564:9312:0130/224755.374:ERROR:CONSOLE(1)] "Extension server error: Inspector protocol error: Cannot find context with specified id", source: devtools://devtools/bundled/extensions/extensions.js (1)
1월 30, 2021 22:48:06.38 [23564:9312:0130/224806.385:ERROR:CONSOLE(1)] "Cannot find context with specified id", source: devtools://devtools/bundled/sdk/sdk.js (1)
1월 30, 2021 22:48:06.39 [23564:9312:0130/224806.386:ERROR:CONSOLE(1)] "Extension server error: Inspector protocol error: Cannot find context with specified id", source: devtools://devtools/bundled/extensions/extensions.js (1)
1월 30, 2021 22:48:06.40 [23564:9312:0130/224806.386:ERROR:CONSOLE(1)] "Cannot find context with specified id", source: devtools://devtools/bundled/sdk/sdk.js (1)
1월 30, 2021 22:48:06.41 [23564:9312:0130/224806.386:ERROR:CONSOLE(1)] "Extension server error: Inspector protocol error: Cannot find context with specified id", source: devtools://devtools/bundled/extensions/extensions.js (1)
1월 30, 2021 22:48:18.71 [23564:9312:0130/224818.717:ERROR:CONSOLE(1)] "Cannot find context with specified id", source: devtools://devtools/bundled/sdk/sdk.js (1)
1월 30, 2021 22:48:18.72 [23564:9312:0130/224818.717:ERROR:CONSOLE(1)] "Extension server error: Inspector protocol error: Cannot find context with specified id", source: devtools://devtools/bundled/extensions/extensions.js (1)
1월 30, 2021 22:48:18.73 [23564:9312:0130/224818.717:ERROR:CONSOLE(1)] "Cannot find context with specified id", source: devtools://devtools/bundled/sdk/sdk.js (1)
1월 30, 2021 22:48:18.74 [23564:9312:0130/224818.717:ERROR:CONSOLE(1)] "Extension server error: Inspector protocol error: Cannot find context with specified id", source: devtools://devtools/bundled/extensions/extensions.js (1)
1월 30, 2021 22:48:18.75 [23564:9312:0130/224818.717:ERROR:CONSOLE(1)] "Cannot find context with specified id", source: devtools://devtools/bundled/sdk/sdk.js (1)
1월 30, 2021 22:48:18.75 [23564:9312:0130/224818.717:ERROR:CONSOLE(1)] "Extension server error: Inspector protocol error: Cannot find context with specified id", source: devtools://devtools/bundled/extensions/extensions.js (1)
1월 30, 2021 22:48:40.54 [23564:9312:0130/224840.543:ERROR:CONSOLE(1)] "Cannot find context with specified id", source: devtools://devtools/bundled/sdk/sdk.js (1)
1월 30, 2021 22:48:40.55 [23564:9312:0130/224840.544:ERROR:CONSOLE(1)] "Extension server error: Inspector protocol error: Cannot find context with specified id", source: devtools://devtools/bundled/extensions/extensions.js (1)
1월 30, 2021 23:02:25.24 [23564:9312:0130/230225.240:ERROR:CONSOLE(1)] "Cannot find context with specified id", source: devtools://devtools/bundled/sdk/sdk.js (1)
1월 30, 2021 23:02:25.25 [23564:9312:0130/230225.240:ERROR:CONSOLE(1)] "Extension server error: Inspector protocol error: Cannot find context with specified id", source: devtools://devtools/bundled/extensions/extensions.js (1)
1월 30, 2021 23:03:55.06 [23564:9312:0130/230355.064:ERROR:CONSOLE(1)] "Cannot find context with specified id", source: devtools://devtools/bundled/sdk/sdk.js (1)
1월 30, 2021 23:03:55.07 [23564:9312:0130/230355.064:ERROR:CONSOLE(1)] "Extension server error: Inspector protocol error: Cannot find context with specified id", source: devtools://devtools/bundled/extensions/extensions.js (1)
1월 30, 2021 23:04:58.51 [23564:9312:0130/230458.516:ERROR:CONSOLE(1)] "Cannot find context with specified id", source: devtools://devtools/bundled/sdk/sdk.js (1)
1월 30, 2021 23:04:58.52 [23564:9312:0130/230458.516:ERROR:CONSOLE(1)] "Extension server error: Inspector protocol error: Cannot find context with specified id", source: devtools://devtools/bundled/extensions/extensions.js (1)
1월 30, 2021 23:08:21.54 [23564:9312:0130/230821.545:ERROR:CONSOLE(1)] "Cannot find context with specified id", source: devtools://devtools/bundled/sdk/sdk.js (1)
1월 30, 2021 23:08:21.55 [23564:9312:0130/230821.546:ERROR:CONSOLE(1)] "Extension server error: Inspector protocol error: Cannot find context with specified id", source: devtools://devtools/bundled/extensions/extensions.js (1)
1월 30, 2021 23:08:21.56 [23564:9312:0130/230821.546:ERROR:CONSOLE(1)] "Cannot find context with specified id", source: devtools://devtools/bundled/sdk/sdk.js (1)
1월 30, 2021 23:08:21.57 [23564:9312:0130/230821.546:ERROR:CONSOLE(1)] "Extension server error: Inspector protocol error: Cannot find context with specified id", source: devtools://devtools/bundled/extensions/extensions.js (1)
1월 30, 2021 23:08:51.42 [23564:9312:0130/230851.427:ERROR:CONSOLE(1)] "Cannot find context with specified id", source: devtools://devtools/bundled/sdk/sdk.js (1)
1월 30, 2021 23:08:51.43 [23564:9312:0130/230851.427:ERROR:CONSOLE(1)] "Extension server error: Inspector protocol error: Cannot find context with specified id", source: devtools://devtools/bundled/extensions/extensions.js (1)
1월 30, 2021 23:09:01.24 [23564:9312:0130/230901.244:ERROR:CONSOLE(1)] "Cannot find context with specified id", source: devtools://devtools/bundled/sdk/sdk.js (1)
1월 30, 2021 23:09:01.25 [23564:9312:0130/230901.244:ERROR:CONSOLE(1)] "Extension server error: Inspector protocol error: Cannot find context with specified id", source: devtools://devtools/bundled/extensions/extensions.js (1)
1월 30, 2021 23:09:49.72 [23564:9312:0130/230949.724:ERROR:CONSOLE(1)] "Cannot find context with specified id", source: devtools://devtools/bundled/sdk/sdk.js (1)
1월 30, 2021 23:09:49.73 [23564:9312:0130/230949.724:ERROR:CONSOLE(1)] "Extension server error: Inspector protocol error: Cannot find context with specified id", source: devtools://devtools/bundled/extensions/extensions.js (1)
1월 30, 2021 23:10:09.09 [23564:9312:0130/231009.090:ERROR:CONSOLE(1)] "Cannot find context with specified id", source: devtools://devtools/bundled/sdk/sdk.js (1)
1월 30, 2021 23:10:09.10 [23564:9312:0130/231009.090:ERROR:CONSOLE(1)] "Extension server error: Inspector protocol error: Cannot find context with specified id", source: devtools://devtools/bundled/extensions/extensions.js (1)
1월 30, 2021 23:12:08.42 [23564:9312:0130/231208.426:ERROR:CONSOLE(1)] "Cannot find context with specified id", source: devtools://devtools/bundled/sdk/sdk.js (1)
1월 30, 2021 23:12:08.43 [23564:9312:0130/231208.426:ERROR:CONSOLE(1)] "Extension server error: Inspector protocol error: Cannot find context with specified id", source: devtools://devtools/bundled/extensions/extensions.js (1)
1월 30, 2021 23:12:08.44 [23564:9312:0130/231208.426:ERROR:CONSOLE(1)] "Cannot find context with specified id", source: devtools://devtools/bundled/sdk/sdk.js (1)
1월 30, 2021 23:12:08.45 [23564:9312:0130/231208.426:ERROR:CONSOLE(1)] "Extension server error: Inspector protocol error: Cannot find context with specified id", source: devtools://devtools/bundled/extensions/extensions.js (1)
1월 30, 2021 23:13:33.68 [23564:9312:0130/231333.681:ERROR:CONSOLE(1)] "Cannot find context with specified id", source: devtools://devtools/bundled/sdk/sdk.js (1)
1월 30, 2021 23:13:33.69 [23564:9312:0130/231333.681:ERROR:CONSOLE(1)] "Extension server error: Inspector protocol error: Cannot find context with specified id", source: devtools://devtools/bundled/extensions/extensions.js (1)
1월 30, 2021 23:14:34.64 [23564:9312:0130/231434.648:ERROR:CONSOLE(1)] "Cannot find context with specified id", source: devtools://devtools/bundled/sdk/sdk.js (1)
1월 30, 2021 23:14:34.65 [23564:9312:0130/231434.648:ERROR:CONSOLE(1)] "Extension server error: Inspector protocol error: Cannot find context with specified id", source: devtools://devtools/bundled/extensions/extensions.js (1)
1월 30, 2021 23:14:34.67 [23564:9312:0130/231434.648:ERROR:CONSOLE(1)] "Cannot find context with specified id", source: devtools://devtools/bundled/sdk/sdk.js (1)
1월 30, 2021 23:14:34.67 [23564:9312:0130/231434.648:ERROR:CONSOLE(1)] "Extension server error: Inspector protocol error: Cannot find context with specified id", source: devtools://devtools/bundled/extensions/extensions.js (1)
1월 30, 2021 23:15:15.40 [23564:9312:0130/231515.408:ERROR:CONSOLE(1)] "Cannot find context with specified id", source: devtools://devtools/bundled/sdk/sdk.js (1)
1월 30, 2021 23:15:15.42 [23564:9312:0130/231515.408:ERROR:CONSOLE(1)] "Extension server error: Inspector protocol error: Cannot find context with specified id", source: devtools://devtools/bundled/extensions/extensions.js (1)
1월 30, 2021 23:15:33.20 [23564:9312:0130/231533.202:ERROR:CONSOLE(1)] "Cannot find context with specified id", source: devtools://devtools/bundled/sdk/sdk.js (1)
1월 30, 2021 23:15:33.20 [23564:9312:0130/231533.202:ERROR:CONSOLE(1)] "Extension server error: Inspector protocol error: Cannot find context with specified id", source: devtools://devtools/bundled/extensions/extensions.js (1)
1월 30, 2021 23:18:18.34 [23564:9312:0130/231818.340:ERROR:CONSOLE(1)] "Cannot find context with specified id", source: devtools://devtools/bundled/sdk/sdk.js (1)
1월 30, 2021 23:18:18.35 [23564:9312:0130/231818.340:ERROR:CONSOLE(1)] "Extension server error: Inspector protocol error: Cannot find context with specified id", source: devtools://devtools/bundled/extensions/extensions.js (1)
1월 30, 2021 23:19:11.21 [23564:9312:0130/231911.214:ERROR:CONSOLE(1)] "Cannot find context with specified id", source: devtools://devtools/bundled/sdk/sdk.js (1)
1월 30, 2021 23:19:11.22 [23564:9312:0130/231911.214:ERROR:CONSOLE(1)] "Extension server error: Inspector protocol error: Cannot find context with specified id", source: devtools://devtools/bundled/extensions/extensions.js (1)
1월 30, 2021 23:19:21.25 [23564:9312:0130/231921.253:ERROR:CONSOLE(1)] "Cannot find context with specified id", source: devtools://devtools/bundled/sdk/sdk.js (1)
1월 30, 2021 23:19:21.26 [23564:9312:0130/231921.253:ERROR:CONSOLE(1)] "Extension server error: Inspector protocol error: Cannot find context with specified id", source: devtools://devtools/bundled/extensions/extensions.js (1)
1월 30, 2021 23:19:38.23 [23564:9312:0130/231938.232:ERROR:CONSOLE(1)] "Cannot find context with specified id", source: devtools://devtools/bundled/sdk/sdk.js (1)
1월 30, 2021 23:19:38.24 [23564:9312:0130/231938.232:ERROR:CONSOLE(1)] "Extension server error: Inspector protocol error: Cannot find context with specified id", source: devtools://devtools/bundled/extensions/extensions.js (1)
1월 30, 2021 23:19:57.23 [23564:9312:0130/231957.237:ERROR:CONSOLE(1)] "Cannot find context with specified id", source: devtools://devtools/bundled/sdk/sdk.js (1)
1월 30, 2021 23:19:57.24 [23564:9312:0130/231957.237:ERROR:CONSOLE(1)] "Extension server error: Inspector protocol error: Cannot find context with specified id", source: devtools://devtools/bundled/extensions/extensions.js (1)
1월 30, 2021 23:20:51.13 [23564:9312:0130/232051.135:ERROR:CONSOLE(1)] "Cannot find context with specified id", source: devtools://devtools/bundled/sdk/sdk.js (1)
1월 30, 2021 23:20:51.14 [23564:9312:0130/232051.136:ERROR:CONSOLE(1)] "Extension server error: Inspector protocol error: Cannot find context with specified id", source: devtools://devtools/bundled/extensions/extensions.js (1)
1월 30, 2021 23:20:51.15 [23564:9312:0130/232051.136:ERROR:CONSOLE(1)] "Cannot find context with specified id", source: devtools://devtools/bundled/sdk/sdk.js (1)
1월 30, 2021 23:20:51.16 [23564:9312:0130/232051.136:ERROR:CONSOLE(1)] "Extension server error: Inspector protocol error: Cannot find context with specified id", source: devtools://devtools/bundled/extensions/extensions.js (1)
1월 30, 2021 23:23:24.40 [23564:9312:0130/232324.408:ERROR:CONSOLE(1)] "Cannot find context with specified id", source: devtools://devtools/bundled/sdk/sdk.js (1)
1월 30, 2021 23:23:24.41 [23564:9312:0130/232324.408:ERROR:CONSOLE(1)] "Extension server error: Inspector protocol error: Cannot find context with specified id", source: devtools://devtools/bundled/extensions/extensions.js (1)
1월 30, 2021 23:23:48.23 [23564:9312:0130/232348.230:ERROR:CONSOLE(1)] "Cannot find context with specified id", source: devtools://devtools/bundled/sdk/sdk.js (1)
1월 30, 2021 23:23:48.23 [23564:9312:0130/232348.230:ERROR:CONSOLE(1)] "Extension server error: Inspector protocol error: Cannot find context with specified id", source: devtools://devtools/bundled/extensions/extensions.js (1)
1월 30, 2021 23:28:40.21 [23564:9312:0130/232840.216:ERROR:CONSOLE(1)] "Cannot find context with specified id", source: devtools://devtools/bundled/sdk/sdk.js (1)
1월 30, 2021 23:28:40.22 [23564:9312:0130/232840.217:ERROR:CONSOLE(1)] "Extension server error: Inspector protocol error: Cannot find context with specified id", source: devtools://devtools/bundled/extensions/extensions.js (1)
1월 30, 2021 23:29:00.23 [23564:9312:0130/232900.232:ERROR:CONSOLE(1)] "Cannot find context with specified id", source: devtools://devtools/bundled/sdk/sdk.js (1)
1월 30, 2021 23:29:00.24 [23564:9312:0130/232900.232:ERROR:CONSOLE(1)] "Extension server error: Inspector protocol error: Cannot find context with specified id", source: devtools://devtools/bundled/extensions/extensions.js (1)
1월 30, 2021 23:29:21.54 [23564:9312:0130/232921.542:ERROR:CONSOLE(1)] "Cannot find context with specified id", source: devtools://devtools/bundled/sdk/sdk.js (1)
1월 30, 2021 23:29:21.55 [23564:9312:0130/232921.542:ERROR:CONSOLE(1)] "Extension server error: Inspector protocol error: Cannot find context with specified id", source: devtools://devtools/bundled/extensions/extensions.js (1)
1월 30, 2021 23:29:32.27 [23564:9312:0130/232932.275:ERROR:CONSOLE(1)] "Cannot find context with specified id", source: devtools://devtools/bundled/sdk/sdk.js (1)
1월 30, 2021 23:29:32.28 [23564:9312:0130/232932.275:ERROR:CONSOLE(1)] "Extension server error: Inspector protocol error: Cannot find context with specified id", source: devtools://devtools/bundled/extensions/extensions.js (1)
1월 30, 2021 23:30:17.34 [23564:9312:0130/233017.346:ERROR:CONSOLE(1)] "Cannot find context with specified id", source: devtools://devtools/bundled/sdk/sdk.js (1)
1월 30, 2021 23:30:17.35 [23564:9312:0130/233017.346:ERROR:CONSOLE(1)] "Extension server error: Inspector protocol error: Cannot find context with specified id", source: devtools://devtools/bundled/extensions/extensions.js (1)
1월 30, 2021 23:30:30.21 [23564:9312:0130/233030.218:ERROR:CONSOLE(1)] "Cannot find context with specified id", source: devtools://devtools/bundled/sdk/sdk.js (1)
1월 30, 2021 23:30:30.22 [23564:9312:0130/233030.218:ERROR:CONSOLE(1)] "Extension server error: Inspector protocol error: Cannot find context with specified id", source: devtools://devtools/bundled/extensions/extensions.js (1)
1월 30, 2021 23:32:06.80 [23564:9312:0130/233206.802:ERROR:CONSOLE(1)] "Cannot find context with specified id", source: devtools://devtools/bundled/sdk/sdk.js (1)
1월 30, 2021 23:32:06.81 [23564:9312:0130/233206.802:ERROR:CONSOLE(1)] "Extension server error: Inspector protocol error: Cannot find context with specified id", source: devtools://devtools/bundled/extensions/extensions.js (1)
1월 30, 2021 23:33:16.51 [23564:9312:0130/233316.514:ERROR:CONSOLE(1)] "Cannot find context with specified id", source: devtools://devtools/bundled/sdk/sdk.js (1)
1월 30, 2021 23:33:16.52 [23564:9312:0130/233316.515:ERROR:CONSOLE(1)] "Extension server error: Inspector protocol error: Cannot find context with specified id", source: devtools://devtools/bundled/extensions/extensions.js (1)
1월 30, 2021 23:33:38.87 [23564:9312:0130/233338.879:ERROR:CONSOLE(1)] "Cannot find context with specified id", source: devtools://devtools/bundled/sdk/sdk.js (1)
1월 30, 2021 23:33:38.89 [23564:9312:0130/233338.879:ERROR:CONSOLE(1)] "Extension server error: Inspector protocol error: Cannot find context with specified id", source: devtools://devtools/bundled/extensions/extensions.js (1)
1월 30, 2021 23:34:02.46 [23564:9312:0130/233402.465:ERROR:CONSOLE(1)] "Cannot find context with specified id", source: devtools://devtools/bundled/sdk/sdk.js (1)
1월 30, 2021 23:34:02.47 [23564:9312:0130/233402.465:ERROR:CONSOLE(1)] "Extension server error: Inspector protocol error: Cannot find context with specified id", source: devtools://devtools/bundled/extensions/extensions.js (1)
1월 30, 2021 23:35:18.81 [23564:9312:0130/233518.818:ERROR:CONSOLE(1)] "Cannot find context with specified id", source: devtools://devtools/bundled/sdk/sdk.js (1)
1월 30, 2021 23:35:18.82 [23564:9312:0130/233518.818:ERROR:CONSOLE(1)] "Extension server error: Inspector protocol error: Cannot find context with specified id", source: devtools://devtools/bundled/extensions/extensions.js (1)
1월 30, 2021 23:36:13.20 [23564:9312:0130/233613.201:ERROR:CONSOLE(1)] "Cannot find context with specified id", source: devtools://devtools/bundled/sdk/sdk.js (1)
1월 30, 2021 23:36:13.21 [23564:9312:0130/233613.201:ERROR:CONSOLE(1)] "Extension server error: Inspector protocol error: Cannot find context with specified id", source: devtools://devtools/bundled/extensions/extensions.js (1)
1월 30, 2021 23:36:15.22 [23564:9312:0130/233615.220:ERROR:CONSOLE(1)] "Cannot find context with specified id", source: devtools://devtools/bundled/sdk/sdk.js (1)
1월 30, 2021 23:36:15.22 [23564:9312:0130/233615.220:ERROR:CONSOLE(1)] "Extension server error: Inspector protocol error: Cannot find context with specified id", source: devtools://devtools/bundled/extensions/extensions.js (1)
1월 30, 2021 23:36:43.83 [23564:9312:0130/233643.837:ERROR:CONSOLE(1)] "Cannot find context with specified id", source: devtools://devtools/bundled/sdk/sdk.js (1)
1월 30, 2021 23:36:43.84 [23564:9312:0130/233643.837:ERROR:CONSOLE(1)] "Extension server error: Inspector protocol error: Cannot find context with specified id", source: devtools://devtools/bundled/extensions/extensions.js (1)
1월 30, 2021 23:44:43.26 [23564:9312:0130/234443.261:ERROR:CONSOLE(1)] "Cannot find context with specified id", source: devtools://devtools/bundled/sdk/sdk.js (1)
1월 30, 2021 23:44:43.26 [23564:9312:0130/234443.261:ERROR:CONSOLE(1)] "Extension server error: Inspector protocol error: Cannot find context with specified id", source: devtools://devtools/bundled/extensions/extensions.js (1)
1월 30, 2021 23:45:35.25 [23564:9312:0130/234535.250:ERROR:CONSOLE(1)] "Cannot find context with specified id", source: devtools://devtools/bundled/sdk/sdk.js (1)
1월 30, 2021 23:45:35.26 [23564:9312:0130/234535.250:ERROR:CONSOLE(1)] "Extension server error: Inspector protocol error: Cannot find context with specified id", source: devtools://devtools/bundled/extensions/extensions.js (1)
1월 30, 2021 23:52:47.21 [23564:9312:0130/235247.212:ERROR:CONSOLE(1)] "Cannot find context with specified id", source: devtools://devtools/bundled/sdk/sdk.js (1)
1월 30, 2021 23:52:47.22 [23564:9312:0130/235247.212:ERROR:CONSOLE(1)] "Extension server error: Inspector protocol error: Cannot find context with specified id", source: devtools://devtools/bundled/extensions/extensions.js (1)
1월 30, 2021 23:52:49.20 [23564:9312:0130/235249.204:ERROR:CONSOLE(1)] "Cannot find context with specified id", source: devtools://devtools/bundled/sdk/sdk.js (1)
1월 30, 2021 23:52:49.21 [23564:9312:0130/235249.204:ERROR:CONSOLE(1)] "Extension server error: Inspector protocol error: Cannot find context with specified id", source: devtools://devtools/bundled/extensions/extensions.js (1)
1월 30, 2021 23:55:05.06 [23564:9312:0130/235505.066:ERROR:CONSOLE(1)] "Cannot find context with specified id", source: devtools://devtools/bundled/sdk/sdk.js (1)
1월 30, 2021 23:55:05.07 [23564:9312:0130/235505.066:ERROR:CONSOLE(1)] "Extension server error: Inspector protocol error: Cannot find context with specified id", source: devtools://devtools/bundled/extensions/extensions.js (1)
1월 30, 2021 23:55:06.03 [23564:9312:0130/235506.035:ERROR:CONSOLE(1)] "Cannot find context with specified id", source: devtools://devtools/bundled/sdk/sdk.js (1)
1월 30, 2021 23:55:06.04 [23564:9312:0130/235506.035:ERROR:CONSOLE(1)] "Extension server error: Inspector protocol error: Cannot find context with specified id", source: devtools://devtools/bundled/extensions/extensions.js (1)
1월 31, 2021 24:01:19.31 [23564:9312:0131/000119.318:ERROR:CONSOLE(1)] "Cannot find context with specified id", source: devtools://devtools/bundled/sdk/sdk.js (1)
1월 31, 2021 24:01:19.32 [23564:9312:0131/000119.318:ERROR:CONSOLE(1)] "Extension server error: Inspector protocol error: Cannot find context with specified id", source: devtools://devtools/bundled/extensions/extensions.js (1)
1월 31, 2021 24:02:44.45 [23564:9312:0131/000244.458:ERROR:CONSOLE(1)] "Cannot find context with specified id", source: devtools://devtools/bundled/sdk/sdk.js (1)
1월 31, 2021 24:02:44.46 [23564:9312:0131/000244.459:ERROR:CONSOLE(1)] "Extension server error: Inspector protocol error: Cannot find context with specified id", source: devtools://devtools/bundled/extensions/extensions.js (1)
1월 31, 2021 24:03:06.22 [23564:9312:0131/000306.220:ERROR:CONSOLE(1)] "Cannot find context with specified id", source: devtools://devtools/bundled/sdk/sdk.js (1)
1월 31, 2021 24:03:06.22 [23564:9312:0131/000306.221:ERROR:CONSOLE(1)] "Extension server error: Inspector protocol error: Cannot find context with specified id", source: devtools://devtools/bundled/extensions/extensions.js (1)
1월 31, 2021 24:04:39.69 [23564:9312:0131/000439.694:ERROR:CONSOLE(1)] "Cannot find context with specified id", source: devtools://devtools/bundled/sdk/sdk.js (1)
1월 31, 2021 24:04:39.70 [23564:9312:0131/000439.695:ERROR:CONSOLE(1)] "Extension server error: Inspector protocol error: Cannot find context with specified id", source: devtools://devtools/bundled/extensions/extensions.js (1)
1월 31, 2021 24:05:30.88 [23564:9312:0131/000530.888:ERROR:CONSOLE(1)] "Cannot find context with specified id", source: devtools://devtools/bundled/sdk/sdk.js (1)
1월 31, 2021 24:05:30.90 [23564:9312:0131/000530.888:ERROR:CONSOLE(1)] "Extension server error: Inspector protocol error: Cannot find context with specified id", source: devtools://devtools/bundled/extensions/extensions.js (1)
1월 31, 2021 24:06:05.47 [23564:9312:0131/000605.471:ERROR:CONSOLE(1)] "Cannot find context with specified id", source: devtools://devtools/bundled/sdk/sdk.js (1)
1월 31, 2021 24:06:05.47 [23564:9312:0131/000605.471:ERROR:CONSOLE(1)] "Extension server error: Inspector protocol error: Cannot find context with specified id", source: devtools://devtools/bundled/extensions/extensions.js (1)
1월 31, 2021 24:06:22.25 [23564:9312:0131/000622.259:ERROR:CONSOLE(1)] "Cannot find context with specified id", source: devtools://devtools/bundled/sdk/sdk.js (1)
1월 31, 2021 24:06:22.26 [23564:9312:0131/000622.259:ERROR:CONSOLE(1)] "Extension server error: Inspector protocol error: Cannot find context with specified id", source: devtools://devtools/bundled/extensions/extensions.js (1)
1월 31, 2021 24:06:45.22 [23564:9312:0131/000645.220:ERROR:CONSOLE(1)] "Cannot find context with specified id", source: devtools://devtools/bundled/sdk/sdk.js (1)
1월 31, 2021 24:06:45.22 [23564:9312:0131/000645.220:ERROR:CONSOLE(1)] "Extension server error: Inspector protocol error: Cannot find context with specified id", source: devtools://devtools/bundled/extensions/extensions.js (1)
1월 31, 2021 24:06:46.24 [23564:9312:0131/000646.247:ERROR:CONSOLE(1)] "Cannot find context with specified id", source: devtools://devtools/bundled/sdk/sdk.js (1)
1월 31, 2021 24:06:46.25 [23564:9312:0131/000646.247:ERROR:CONSOLE(1)] "Extension server error: Inspector protocol error: Cannot find context with specified id", source: devtools://devtools/bundled/extensions/extensions.js (1)
1월 31, 2021 24:07:00.21 [23564:9312:0131/000700.214:ERROR:CONSOLE(1)] "Cannot find context with specified id", source: devtools://devtools/bundled/sdk/sdk.js (1)
1월 31, 2021 24:07:00.22 [23564:9312:0131/000700.214:ERROR:CONSOLE(1)] "Extension server error: Inspector protocol error: Cannot find context with specified id", source: devtools://devtools/bundled/extensions/extensions.js (1)
1월 31, 2021 24:07:14.22 [23564:9312:0131/000714.223:ERROR:CONSOLE(1)] "Cannot find context with specified id", source: devtools://devtools/bundled/sdk/sdk.js (1)
1월 31, 2021 24:07:14.23 [23564:9312:0131/000714.223:ERROR:CONSOLE(1)] "Extension server error: Inspector protocol error: Cannot find context with specified id", source: devtools://devtools/bundled/extensions/extensions.js (1)
1월 31, 2021 24:08:56.27 [23564:9312:0131/000856.270:ERROR:CONSOLE(1)] "Cannot find context with specified id", source: devtools://devtools/bundled/sdk/sdk.js (1)
1월 31, 2021 24:08:56.27 [23564:9312:0131/000856.270:ERROR:CONSOLE(1)] "Extension server error: Inspector protocol error: Cannot find context with specified id", source: devtools://devtools/bundled/extensions/extensions.js (1)
1월 31, 2021 24:09:58.28 [23564:9312:0131/000958.284:ERROR:CONSOLE(1)] "Cannot find context with specified id", source: devtools://devtools/bundled/sdk/sdk.js (1)
1월 31, 2021 24:09:58.29 [23564:9312:0131/000958.284:ERROR:CONSOLE(1)] "Extension server error: Inspector protocol error: Cannot find context with specified id", source: devtools://devtools/bundled/extensions/extensions.js (1)
1월 31, 2021 24:10:03.26 [23564:9312:0131/001003.268:ERROR:CONSOLE(1)] "Cannot find context with specified id", source: devtools://devtools/bundled/sdk/sdk.js (1)
1월 31, 2021 24:10:03.27 [23564:9312:0131/001003.268:ERROR:CONSOLE(1)] "Extension server error: Inspector protocol error: Cannot find context with specified id", source: devtools://devtools/bundled/extensions/extensions.js (1)
1월 31, 2021 24:11:05.15 [23564:9312:0131/001105.152:ERROR:CONSOLE(1)] "Cannot find context with specified id", source: devtools://devtools/bundled/sdk/sdk.js (1)
1월 31, 2021 24:11:05.16 [23564:9312:0131/001105.152:ERROR:CONSOLE(1)] "Extension server error: Inspector protocol error: Cannot find context with specified id", source: devtools://devtools/bundled/extensions/extensions.js (1)
1월 31, 2021 24:11:05.16 [23564:9312:0131/001105.152:ERROR:CONSOLE(1)] "Cannot find context with specified id", source: devtools://devtools/bundled/sdk/sdk.js (1)
1월 31, 2021 24:11:05.17 [23564:9312:0131/001105.152:ERROR:CONSOLE(1)] "Extension server error: Inspector protocol error: Cannot find context with specified id", source: devtools://devtools/bundled/extensions/extensions.js (1)
1월 31, 2021 24:11:27.28 [23564:9312:0131/001127.287:ERROR:CONSOLE(1)] "Cannot find context with specified id", source: devtools://devtools/bundled/sdk/sdk.js (1)
1월 31, 2021 24:11:27.29 [23564:9312:0131/001127.287:ERROR:CONSOLE(1)] "Extension server error: Inspector protocol error: Cannot find context with specified id", source: devtools://devtools/bundled/extensions/extensions.js (1)
1월 31, 2021 24:12:07.83 [23564:9312:0131/001207.838:ERROR:CONSOLE(1)] "Cannot find context with specified id", source: devtools://devtools/bundled/sdk/sdk.js (1)
1월 31, 2021 24:12:07.85 [23564:9312:0131/001207.838:ERROR:CONSOLE(1)] "Extension server error: Inspector protocol error: Cannot find context with specified id", source: devtools://devtools/bundled/extensions/extensions.js (1)
1월 31, 2021 24:13:10.37 [23564:9312:0131/001310.371:ERROR:CONSOLE(1)] "Cannot find context with specified id", source: devtools://devtools/bundled/sdk/sdk.js (1)
1월 31, 2021 24:13:10.38 [23564:9312:0131/001310.371:ERROR:CONSOLE(1)] "Extension server error: Inspector protocol error: Cannot find context with specified id", source: devtools://devtools/bundled/extensions/extensions.js (1)
1월 31, 2021 24:14:24.22 [23564:9312:0131/001424.226:ERROR:CONSOLE(1)] "Cannot find context with specified id", source: devtools://devtools/bundled/sdk/sdk.js (1)
1월 31, 2021 24:14:24.23 [23564:9312:0131/001424.226:ERROR:CONSOLE(1)] "Extension server error: Inspector protocol error: Cannot find context with specified id", source: devtools://devtools/bundled/extensions/extensions.js (1)
1월 31, 2021 24:15:04.70 [23564:9312:0131/001504.701:ERROR:CONSOLE(1)] "Cannot find context with specified id", source: devtools://devtools/bundled/sdk/sdk.js (1)
1월 31, 2021 24:15:04.71 [23564:9312:0131/001504.701:ERROR:CONSOLE(1)] "Extension server error: Inspector protocol error: Cannot find context with specified id", source: devtools://devtools/bundled/extensions/extensions.js (1)
1월 31, 2021 24:16:28.25 [23564:9312:0131/001628.256:ERROR:CONSOLE(1)] "Cannot find context with specified id", source: devtools://devtools/bundled/sdk/sdk.js (1)
1월 31, 2021 24:16:28.26 [23564:9312:0131/001628.256:ERROR:CONSOLE(1)] "Extension server error: Inspector protocol error: Cannot find context with specified id", source: devtools://devtools/bundled/extensions/extensions.js (1)
1월 31, 2021 24:16:28.27 [23564:9312:0131/001628.257:ERROR:CONSOLE(1)] "Cannot find context with specified id", source: devtools://devtools/bundled/sdk/sdk.js (1)
1월 31, 2021 24:16:28.28 [23564:9312:0131/001628.257:ERROR:CONSOLE(1)] "Extension server error: Inspector protocol error: Cannot find context with specified id", source: devtools://devtools/bundled/extensions/extensions.js (1)
1월 31, 2021 24:19:15.88 [23564:9312:0131/001915.884:ERROR:CONSOLE(1)] "Cannot find context with specified id", source: devtools://devtools/bundled/sdk/sdk.js (1)
1월 31, 2021 24:19:15.89 [23564:9312:0131/001915.884:ERROR:CONSOLE(1)] "Extension server error: Inspector protocol error: Cannot find context with specified id", source: devtools://devtools/bundled/extensions/extensions.js (1)
1월 31, 2021 24:19:28.36 [23564:9312:0131/001928.367:ERROR:CONSOLE(1)] "Cannot find context with specified id", source: devtools://devtools/bundled/sdk/sdk.js (1)
1월 31, 2021 24:19:28.37 [23564:9312:0131/001928.367:ERROR:CONSOLE(1)] "Extension server error: Inspector protocol error: Cannot find context with specified id", source: devtools://devtools/bundled/extensions/extensions.js (1)
1월 31, 2021 24:21:06.23 [23564:9312:0131/002106.234:ERROR:CONSOLE(1)] "Cannot find context with specified id", source: devtools://devtools/bundled/sdk/sdk.js (1)
1월 31, 2021 24:21:06.24 [23564:9312:0131/002106.234:ERROR:CONSOLE(1)] "Extension server error: Inspector protocol error: Cannot find context with specified id", source: devtools://devtools/bundled/extensions/extensions.js (1)
1월 31, 2021 24:27:15.44 [23564:9312:0131/002715.445:ERROR:CONSOLE(1)] "Cannot find context with specified id", source: devtools://devtools/bundled/sdk/sdk.js (1)
1월 31, 2021 24:27:15.45 [23564:9312:0131/002715.445:ERROR:CONSOLE(1)] "Extension server error: Inspector protocol error: Cannot find context with specified id", source: devtools://devtools/bundled/extensions/extensions.js (1)
1월 31, 2021 24:30:00.31 [23564:9312:0131/003000.316:ERROR:CONSOLE(1)] "Cannot find context with specified id", source: devtools://devtools/bundled/sdk/sdk.js (1)
1월 31, 2021 24:30:00.32 [23564:9312:0131/003000.317:ERROR:CONSOLE(1)] "Extension server error: Inspector protocol error: Cannot find context with specified id", source: devtools://devtools/bundled/extensions/extensions.js (1)
1월 31, 2021 24:30:46.64 [23564:9312:0131/003046.642:ERROR:CONSOLE(1)] "Extension server error: Operation failed: Permission denied", source: devtools://devtools/bundled/extensions/extensions.js (1)
1월 31, 2021 24:30:46.65 [23564:9312:0131/003046.643:ERROR:CONSOLE(1)] "Extension server error: Operation failed: Permission denied", source: devtools://devtools/bundled/extensions/extensions.js (1)
1월 31, 2021 24:30:46.66 [23564:9312:0131/003046.649:ERROR:CONSOLE(1)] "Cannot find context with specified id", source: devtools://devtools/bundled/sdk/sdk.js (1)
1월 31, 2021 24:30:46.67 [23564:9312:0131/003046.649:ERROR:CONSOLE(1)] "Extension server error: Inspector protocol error: Cannot find context with specified id", source: devtools://devtools/bundled/extensions/extensions.js (1)
1월 31, 2021 24:30:47.19 [23564:9312:0131/003047.198:ERROR:CONSOLE(1)] "Extension server error: Operation failed: Permission denied", source: devtools://devtools/bundled/extensions/extensions.js (1)
1월 31, 2021 24:30:49.13 [23564:9312:0131/003049.132:ERROR:CONSOLE(1)] "Extension server error: Operation failed: Permission denied", source: devtools://devtools/bundled/extensions/extensions.js (1)
1월 31, 2021 24:30:50.13 [23564:9312:0131/003050.135:ERROR:CONSOLE(1)] "Extension server error: Operation failed: Permission denied", source: devtools://devtools/bundled/extensions/extensions.js (1)
1월 31, 2021 24:30:51.12 [23564:9312:0131/003051.126:ERROR:CONSOLE(1)] "Extension server error: Operation failed: Permission denied", source: devtools://devtools/bundled/extensions/extensions.js (1)
1월 31, 2021 24:30:52.12 [23564:9312:0131/003052.129:ERROR:CONSOLE(1)] "Extension server error: Operation failed: Permission denied", source: devtools://devtools/bundled/extensions/extensions.js (1)
